Using pre-set license
Built from '2020.3/china_unity/release' branch; Version is '2020.3.21f1c1 (ae728190a658) revision 11432577'; Using compiler version '192528614'; Build Type 'Release'
OS: 'Windows 10 Home China; OS build 19043.1348; Version 2009; 64bit' Language: 'zh' Physical Memory: 16205 MB
BatchMode: 1, IsHumanControllingUs: 0, StartBugReporterOnCrash: 0, Is64bit: 1, IsPro: 0

COMMAND LINE ARGUMENTS:
C:\Program Files\Unity\Hub\Editor\2020.3.21f1c1\Editor\Unity.exe
-adb2
-batchMode
-noUpm
-name
AssetImportWorker0
-projectPath
C:/Users/14621/Desktop/Program/unity/Catch-Your-Mind
-logFile
Logs/AssetImportWorker0.log
-srvPort
59431
Successfully changed project path to: C:/Users/14621/Desktop/Program/unity/Catch-Your-Mind
C:/Users/14621/Desktop/Program/unity/Catch-Your-Mind
Using Asset Import Pipeline V2.
AS: AutoStreaming module initializing.Refreshing native plugins compatible for Editor in 83.47 ms, found 3 plugins.
Preloading 0 native plugins for Editor in 0.00 ms.
Initialize engine version: 2020.3.21f1c1 (ae728190a658)
[Subsystems] Discovering subsystems at path C:/Program Files/Unity/Hub/Editor/2020.3.21f1c1/Editor/Data/Resources/UnitySubsystems
[Subsystems] Discovering subsystems at path C:/Users/14621/Desktop/Program/unity/Catch-Your-Mind/Assets
GfxDevice: creating device client; threaded=0
Direct3D:
    Version:  Direct3D 11.0 [level 11.1]
    Renderer: NVIDIA GeForce RTX 2070 Super (ID=0x1e91)
    Vendor:   
    VRAM:     8011 MB
    Driver:   30.0.14.9613
Initialize mono
Mono path[0] = 'C:/Program Files/Unity/Hub/Editor/2020.3.21f1c1/Editor/Data/Managed'
Mono path[1] = 'C:/Program Files/Unity/Hub/Editor/2020.3.21f1c1/Editor/Data/MonoBleedingEdge/lib/mono/unityjit'
Mono config path = 'C:/Program Files/Unity/Hub/Editor/2020.3.21f1c1/Editor/Data/MonoBleedingEdge/etc'
Using monoOptions --debugger-agent=transport=dt_socket,embedding=1,server=y,suspend=n,address=127.0.0.1:56312
Begin MonoManager ReloadAssembly
Registering precompiled unity dll's ...
Register platform support module: C:/Program Files/Unity/Hub/Editor/2020.3.21f1c1/Editor/Data/PlaybackEngines/WindowsStandaloneSupport/UnityEditor.WindowsStandalone.Extensions.dll
Registered in 0.001582 seconds.
Native extension for WindowsStandalone target not found
Refreshing native plugins compatible for Editor in 75.20 ms, found 3 plugins.
Preloading 0 native plugins for Editor in 0.00 ms.
Mono: successfully reloaded assembly
- Completed reload, in  1.083 seconds
Domain Reload Profiling:
	ReloadAssembly (1084ms)
		BeginReloadAssembly (49ms)
			ExecutionOrderSort (0ms)
			DisableScriptedObjects (0ms)
			BackupInstance (0ms)
			ReleaseScriptingObjects (0ms)
			CreateAndSetChildDomain (1ms)
		EndReloadAssembly (462ms)
			LoadAssemblies (47ms)
			RebuildTransferFunctionScriptingTraits (0ms)
			SetupTypeCache (145ms)
			ReleaseScriptCaches (0ms)
			RebuildScriptCaches (33ms)
			SetupLoadedEditorAssemblies (189ms)
				LogAssemblyErrors (0ms)
				InitializePlatformSupportModulesInManaged (4ms)
				SetLoadedEditorAssemblies (0ms)
				RefreshPlugins (75ms)
				BeforeProcessingInitializeOnLoad (14ms)
				ProcessInitializeOnLoadAttributes (70ms)
				ProcessInitializeOnLoadMethodAttributes (25ms)
				AfterProcessingInitializeOnLoad (0ms)
				EditorAssembliesLoaded (0ms)
			ExecutionOrderSort2 (0ms)
			AwakeInstancesAfterBackupRestoration (0ms)
Platform modules already initialized, skipping
Registering precompiled user dll's ...
Registered in 0.013315 seconds.
Begin MonoManager ReloadAssembly
Native extension for WindowsStandalone target not found
Refreshing native plugins compatible for Editor in 75.60 ms, found 3 plugins.
Preloading 0 native plugins for Editor in 0.00 ms.
Mono: successfully reloaded assembly
- Completed reload, in  1.816 seconds
Domain Reload Profiling:
	ReloadAssembly (1819ms)
		BeginReloadAssembly (127ms)
			ExecutionOrderSort (0ms)
			DisableScriptedObjects (4ms)
			BackupInstance (0ms)
			ReleaseScriptingObjects (0ms)
			CreateAndSetChildDomain (17ms)
		EndReloadAssembly (1636ms)
			LoadAssemblies (90ms)
			RebuildTransferFunctionScriptingTraits (0ms)
			SetupTypeCache (363ms)
			ReleaseScriptCaches (1ms)
			RebuildScriptCaches (73ms)
			SetupLoadedEditorAssemblies (971ms)
				LogAssemblyErrors (0ms)
				InitializePlatformSupportModulesInManaged (4ms)
				SetLoadedEditorAssemblies (0ms)
				RefreshPlugins (76ms)
				BeforeProcessingInitializeOnLoad (114ms)
				ProcessInitializeOnLoadAttributes (670ms)
				ProcessInitializeOnLoadMethodAttributes (101ms)
				AfterProcessingInitializeOnLoad (6ms)
				EditorAssembliesLoaded (1ms)
			ExecutionOrderSort2 (0ms)
			AwakeInstancesAfterBackupRestoration (10ms)
Platform modules already initialized, skipping
========================================================================
Worker process is ready to serve import requests
Launched and connected shader compiler UnityShaderCompiler.exe after 0.06 seconds
Refreshing native plugins compatible for Editor in 0.81 ms, found 3 plugins.
Preloading 0 native plugins for Editor in 0.00 ms.
Unloading 3909 Unused Serialized files (Serialized files now loaded: 0)
System memory in use before: 188.6 MB.
System memory in use after: 188.8 MB.

Unloading 45 unused Assets to reduce memory usage. Loaded Objects now: 4429.
Total: 28.505800 ms (FindLiveObjects: 0.330600 ms CreateObjectMapping: 0.217700 ms MarkObjects: 27.921700 ms  DeleteObjects: 0.034700 ms)

AssetImportParameters requested are different than current active one (requested -> active):
  custom:framework-win-MediaFoundation: 216162199b28c13a410421893ffa2e32 -> 
  custom:video-decoder-ogg-theora: a1e56fd34408186e4bbccfd4996cb3dc -> 
  custom:container-muxer-webm: aa71ff27fc2769a1b78a27578f13a17b -> 
  custom:container-demuxer-webm: 4f35f7cbe854078d1ac9338744f61a02 -> 
  custom:container-demuxer-ogg: 62fdf1f143b41e24485cea50d1cbac27 -> 
  custom:video-encoder-webm-vp8: eb34c28f22e8b96e1ab97ce403110664 -> 
  custom:video-decoder-webm-vp8: 9c59270c3fd7afecdb556c50c9e8de78 -> 
  custom:audio-decoder-ogg-vorbis: bf7c407c2cedff20999df2af8eb42d56 -> 
  custom:audio-encoder-webm-vorbis: bf7c407c2cedff20999df2af8eb42d56 -> 
========================================================================
Received Import Request.
  path: Assets/Shader/GaussianBlur.mat
  artifactKey: Guid(322885fc9aeb8854aab4fce540433feb) Importer(815301076,1909f56bfc062723c751e8b465ee728b)
Start importing Assets/Shader/GaussianBlur.mat using Guid(322885fc9aeb8854aab4fce540433feb) Importer(815301076,1909f56bfc062723c751e8b465ee728b)  -> (artifact id: 'cb21d99b388f09f460d52015db13a3d2') in 0.203528 seconds 
  Import took 0.209315 seconds .

========================================================================
Received Import Request.
  Time since last request: 0.000163 seconds.
  path: Assets/Shader/Line.mat
  artifactKey: Guid(91cb38ac062706d4ab7cc8c9fe676743) Importer(815301076,1909f56bfc062723c751e8b465ee728b)
Start importing Assets/Shader/Line.mat using Guid(91cb38ac062706d4ab7cc8c9fe676743) Importer(815301076,1909f56bfc062723c751e8b465ee728b)  -> (artifact id: 'b8e645422fe59e8530475aa3a63863ce') in 0.020499 seconds 
  Import took 0.025935 seconds .

========================================================================
Received Import Request.
  Time since last request: 869.848893 seconds.
  path: Assets/Sprites/UI/其他-渐变黑屏.png
  artifactKey: Guid(0748b1994db1d7d419562318164e6a54) Importer(815301076,1909f56bfc062723c751e8b465ee728b)
Start importing Assets/Sprites/UI/其他-渐变黑屏.png using Guid(0748b1994db1d7d419562318164e6a54) Importer(815301076,1909f56bfc062723c751e8b465ee728b)  -> (artifact id: '4f11b382ed7d88aa00d05ba4cc5ac76a') in 0.043188 seconds 
  Import took 0.050266 seconds .

========================================================================
Received Import Request.
  Time since last request: 122.434151 seconds.
  path: Assets/Resources/UI/Card.prefab
  artifactKey: Guid(9ab6c772d4676dc48a3d2fdf724b5563) Importer(815301076,1909f56bfc062723c751e8b465ee728b)
Start importing Assets/Resources/UI/Card.prefab using Guid(9ab6c772d4676dc48a3d2fdf724b5563) Importer(815301076,1909f56bfc062723c751e8b465ee728b)  -> (artifact id: 'a1d08508c02e29ef7b5acfd32c4ac220') in 0.046193 seconds 
  Import took 0.051604 seconds .

========================================================================
Received Import Request.
  Time since last request: 0.000183 seconds.
  path: Assets/Resources/UI/PausePanel.prefab
  artifactKey: Guid(5c72f7c34ba46e440b1d8670310238b4) Importer(815301076,1909f56bfc062723c751e8b465ee728b)
Start importing Assets/Resources/UI/PausePanel.prefab using Guid(5c72f7c34ba46e440b1d8670310238b4) Importer(815301076,1909f56bfc062723c751e8b465ee728b)  -> (artifact id: 'e3bc6a851d10ef05c565999907b1b2e7') in 0.019411 seconds 
  Import took 0.025062 seconds .

========================================================================
Received Import Request.
  Time since last request: 0.000172 seconds.
  path: Assets/Resources/UI/Info.prefab
  artifactKey: Guid(df8ef3208b816e14eb3d05ee11bd9292) Importer(815301076,1909f56bfc062723c751e8b465ee728b)
Start importing Assets/Resources/UI/Info.prefab using Guid(df8ef3208b816e14eb3d05ee11bd9292) Importer(815301076,1909f56bfc062723c751e8b465ee728b)  -> (artifact id: '4d91a6cb4bb5f2d46e7d8037b2aca5e9') in 0.258603 seconds 
  Import took 0.266058 seconds .

========================================================================
Received Import Request.
  Time since last request: 0.000213 seconds.
  path: Assets/Resources/UI/Dialog_Bubble.prefab
  artifactKey: Guid(3439b0932490a7140a1df9a484beaa52) Importer(815301076,1909f56bfc062723c751e8b465ee728b)
Start importing Assets/Resources/UI/Dialog_Bubble.prefab using Guid(3439b0932490a7140a1df9a484beaa52) Importer(815301076,1909f56bfc062723c751e8b465ee728b)  -> (artifact id: '360f8ac87a27e0adc7419ef6a08bd3d5') in 0.222980 seconds 
  Import took 0.229408 seconds .

========================================================================
Received Import Request.
  Time since last request: 0.000202 seconds.
  path: Assets/Resources/UI/MakerPanel.prefab
  artifactKey: Guid(154e989bc7795294997c95ce9c40447f) Importer(815301076,1909f56bfc062723c751e8b465ee728b)
Start importing Assets/Resources/UI/MakerPanel.prefab using Guid(154e989bc7795294997c95ce9c40447f) Importer(815301076,1909f56bfc062723c751e8b465ee728b)  -> (artifact id: '2b52d449e67190bc2b37e4aa16e137a5') in 0.239523 seconds 
  Import took 0.246087 seconds .

========================================================================
Received Import Request.
  Time since last request: 0.000170 seconds.
  path: Assets/Resources/UI/StatusPanel.prefab
  artifactKey: Guid(14d2b5965a0a865499c3c9ef862909df) Importer(815301076,1909f56bfc062723c751e8b465ee728b)
Start importing Assets/Resources/UI/StatusPanel.prefab using Guid(14d2b5965a0a865499c3c9ef862909df) Importer(815301076,1909f56bfc062723c751e8b465ee728b)  -> (artifact id: 'dff0f870825365af68f608d459615bb9') in 0.216143 seconds 
  Import took 0.222453 seconds .

========================================================================
Received Import Request.
  Time since last request: 0.000185 seconds.
  path: Assets/Resources/UI/Dialog.prefab
  artifactKey: Guid(5e4d166adac371841b0d547b6f32c948) Importer(815301076,1909f56bfc062723c751e8b465ee728b)
Start importing Assets/Resources/UI/Dialog.prefab using Guid(5e4d166adac371841b0d547b6f32c948) Importer(815301076,1909f56bfc062723c751e8b465ee728b)  -> (artifact id: '2e395500603c982ce55db6a1abd124e2') in 0.213005 seconds 
  Import took 0.219207 seconds .

========================================================================
Received Import Request.
  Time since last request: 25.633657 seconds.
  path: Assets/Sprites/Character/Bed-GetUp.png
  artifactKey: Guid(aefced762ced2ad4ca23b3509a711f0c) Importer(815301076,1909f56bfc062723c751e8b465ee728b)
Start importing Assets/Sprites/Character/Bed-GetUp.png using Guid(aefced762ced2ad4ca23b3509a711f0c) Importer(815301076,1909f56bfc062723c751e8b465ee728b)  -> (artifact id: '55b5a4a4cc0dddc9300465351fb60a02') in 0.012967 seconds 
  Import took 0.019403 seconds .

========================================================================
Received Import Request.
  Time since last request: 0.000159 seconds.
  path: Assets/Sprites/Character/Box-Lean.png
  artifactKey: Guid(fa14f6a519eb9ba48a4b1c4b4ef1d4b6) Importer(815301076,1909f56bfc062723c751e8b465ee728b)
Start importing Assets/Sprites/Character/Box-Lean.png using Guid(fa14f6a519eb9ba48a4b1c4b4ef1d4b6) Importer(815301076,1909f56bfc062723c751e8b465ee728b)  -> (artifact id: 'ed9c0fec6405ed3f37fbda80223b3c56') in 0.012073 seconds 
  Import took 0.017523 seconds .

========================================================================
Received Import Request.
  Time since last request: 0.000181 seconds.
  path: Assets/Sprites/Character/EMO-Cute.png
  artifactKey: Guid(12403a1d3caeb88438959a5207980534) Importer(815301076,1909f56bfc062723c751e8b465ee728b)
Start importing Assets/Sprites/Character/EMO-Cute.png using Guid(12403a1d3caeb88438959a5207980534) Importer(815301076,1909f56bfc062723c751e8b465ee728b)  -> (artifact id: 'a7ad8cc7970b025af78eb3f847b1ea72') in 0.011884 seconds 
  Import took 0.017869 seconds .

========================================================================
Received Import Request.
  Time since last request: 0.000210 seconds.
  path: Assets/Sprites/Character/EMO-Hit.png
  artifactKey: Guid(c559cae1ee72cbd4d8bc6fd56e60f787) Importer(815301076,1909f56bfc062723c751e8b465ee728b)
Start importing Assets/Sprites/Character/EMO-Hit.png using Guid(c559cae1ee72cbd4d8bc6fd56e60f787) Importer(815301076,1909f56bfc062723c751e8b465ee728b)  -> (artifact id: '36b2ec3fa9baa972afb755449ea716ed') in 0.060169 seconds 
  Import took 0.065388 seconds .

========================================================================
Received Import Request.
  Time since last request: 0.000293 seconds.
  path: Assets/Sprites/Character/Box-Hi.png
  artifactKey: Guid(781aa04cda4841a4ea0951e6c7f64253) Importer(815301076,1909f56bfc062723c751e8b465ee728b)
Start importing Assets/Sprites/Character/Box-Hi.png using Guid(781aa04cda4841a4ea0951e6c7f64253) Importer(815301076,1909f56bfc062723c751e8b465ee728b)  -> (artifact id: '439cde977507dff17b06b1f430f44c11') in 0.011099 seconds 
  Import took 0.016802 seconds .

========================================================================
Received Import Request.
  Time since last request: 0.000176 seconds.
  path: Assets/Sprites/Character/Heart-Sheet.png
  artifactKey: Guid(e9a3c7c89b29bf64fb643095ca940d08) Importer(815301076,1909f56bfc062723c751e8b465ee728b)
Start importing Assets/Sprites/Character/Heart-Sheet.png using Guid(e9a3c7c89b29bf64fb643095ca940d08) Importer(815301076,1909f56bfc062723c751e8b465ee728b)  -> (artifact id: 'f54930562eece601771535080101be17') in 0.016473 seconds 
  Import took 0.022286 seconds .

========================================================================
Received Import Request.
  Time since last request: 0.000210 seconds.
  path: Assets/Sprites/Character/Liber-ChangeState.png
  artifactKey: Guid(1ada1f8a35ec7f64e859dadff51a643d) Importer(815301076,1909f56bfc062723c751e8b465ee728b)
Start importing Assets/Sprites/Character/Liber-ChangeState.png using Guid(1ada1f8a35ec7f64e859dadff51a643d) Importer(815301076,1909f56bfc062723c751e8b465ee728b)  -> (artifact id: 'e030229d6fbdac1706f57aceb76d5a6f') in 0.013000 seconds 
  Import took 0.019516 seconds .

========================================================================
Received Import Request.
  Time since last request: 0.000224 seconds.
  path: Assets/Sprites/Character/Liber-Sleeping.png
  artifactKey: Guid(a33a5d245fa5ac34093a51bcbd5e67fe) Importer(815301076,1909f56bfc062723c751e8b465ee728b)
Start importing Assets/Sprites/Character/Liber-Sleeping.png using Guid(a33a5d245fa5ac34093a51bcbd5e67fe) Importer(815301076,1909f56bfc062723c751e8b465ee728b)  -> (artifact id: '6ee19a42f04f7c1326a6064feafda5a5') in 0.012828 seconds 
  Import took 0.018637 seconds .

========================================================================
Received Import Request.
  Time since last request: 0.000216 seconds.
  path: Assets/Sprites/Character/EMO-Operating.png
  artifactKey: Guid(240ceed55186e5442af7fc16560b881f) Importer(815301076,1909f56bfc062723c751e8b465ee728b)
Start importing Assets/Sprites/Character/EMO-Operating.png using Guid(240ceed55186e5442af7fc16560b881f) Importer(815301076,1909f56bfc062723c751e8b465ee728b)  -> (artifact id: '1e07f49d624f8ab295e485992ac02a45') in 0.056137 seconds 
  Import took 0.062113 seconds .

========================================================================
Received Import Request.
  Time since last request: 0.000235 seconds.
  path: Assets/Sprites/Character/Box-HiToNormal.png
  artifactKey: Guid(4ce43a1c46fe07c4bb5052017d7f5d75) Importer(815301076,1909f56bfc062723c751e8b465ee728b)
Start importing Assets/Sprites/Character/Box-HiToNormal.png using Guid(4ce43a1c46fe07c4bb5052017d7f5d75) Importer(815301076,1909f56bfc062723c751e8b465ee728b)  -> (artifact id: 'edf81576777d52e03b0d956bc2f9d60c') in 0.010724 seconds 
  Import took 0.015900 seconds .

========================================================================
Received Import Request.
  Time since last request: 0.000149 seconds.
  path: Assets/Sprites/Character/Mela-AfterJumpToGround.png
  artifactKey: Guid(9ab897f950956fc47b2224062c1535bf) Importer(815301076,1909f56bfc062723c751e8b465ee728b)
Start importing Assets/Sprites/Character/Mela-AfterJumpToGround.png using Guid(9ab897f950956fc47b2224062c1535bf) Importer(815301076,1909f56bfc062723c751e8b465ee728b)  -> (artifact id: 'e4a929b7c9d484fc8c8a307ffa22bd3c') in 0.059738 seconds 
  Import took 0.065589 seconds .

========================================================================
Received Import Request.
  Time since last request: 0.000196 seconds.
  path: Assets/Sprites/Character/EMO-Rest.png
  artifactKey: Guid(9f47d7f5df955464cb316d15d2f7d05b) Importer(815301076,1909f56bfc062723c751e8b465ee728b)
Start importing Assets/Sprites/Character/EMO-Rest.png using Guid(9f47d7f5df955464cb316d15d2f7d05b) Importer(815301076,1909f56bfc062723c751e8b465ee728b)  -> (artifact id: 'aebb629ba587654428095242e8a68db4') in 0.053833 seconds 
  Import took 0.059381 seconds .

========================================================================
Received Import Request.
  Time since last request: 0.000184 seconds.
  path: Assets/Sprites/Character/Mela-MeltOnWall.png
  artifactKey: Guid(92b1d3683c2316a418eeedd9d4b74b18) Importer(815301076,1909f56bfc062723c751e8b465ee728b)
Start importing Assets/Sprites/Character/Mela-MeltOnWall.png using Guid(92b1d3683c2316a418eeedd9d4b74b18) Importer(815301076,1909f56bfc062723c751e8b465ee728b)  -> (artifact id: '746a6069be5015a600d4cf18fd537099') in 0.076045 seconds 
  Import took 0.081855 seconds .

========================================================================
Received Import Request.
  Time since last request: 0.000234 seconds.
  path: Assets/Sprites/Character/Mela-AfterJumpOnWall.png
  artifactKey: Guid(56c62543c3a0e1543a1b187a78626161) Importer(815301076,1909f56bfc062723c751e8b465ee728b)
Start importing Assets/Sprites/Character/Mela-AfterJumpOnWall.png using Guid(56c62543c3a0e1543a1b187a78626161) Importer(815301076,1909f56bfc062723c751e8b465ee728b)  -> (artifact id: '4c678313c5a9310b744e560bb9a57246') in 0.043087 seconds 
  Import took 0.048442 seconds .

========================================================================
Received Import Request.
  Time since last request: 0.000208 seconds.
  path: Assets/Sprites/Character/EMO-Speed.png
  artifactKey: Guid(00d754a3647889c4f8510e7d98a59cd6) Importer(815301076,1909f56bfc062723c751e8b465ee728b)
Start importing Assets/Sprites/Character/EMO-Speed.png using Guid(00d754a3647889c4f8510e7d98a59cd6) Importer(815301076,1909f56bfc062723c751e8b465ee728b)  -> (artifact id: 'fad0f20fffef9db351d785ecf0f29f3d') in 0.076416 seconds 
  Import took 0.081690 seconds .

========================================================================
Received Import Request.
  Time since last request: 0.000273 seconds.
  path: Assets/Sprites/Character/EMO-Unhappy.png
  artifactKey: Guid(4521505226e35794d8bfa4b6250ab6e4) Importer(815301076,1909f56bfc062723c751e8b465ee728b)
Start importing Assets/Sprites/Character/EMO-Unhappy.png using Guid(4521505226e35794d8bfa4b6250ab6e4) Importer(815301076,1909f56bfc062723c751e8b465ee728b)  -> (artifact id: 'a2167218f5ae2b76677467305503d98f') in 0.027074 seconds 
  Import took 0.033014 seconds .

========================================================================
Received Import Request.
  Time since last request: 0.000341 seconds.
  path: Assets/Sprites/Character/EMO-ThrowPaper.png
  artifactKey: Guid(c86474f54c99772418864675f6576d93) Importer(815301076,1909f56bfc062723c751e8b465ee728b)
Start importing Assets/Sprites/Character/EMO-ThrowPaper.png using Guid(c86474f54c99772418864675f6576d93) Importer(815301076,1909f56bfc062723c751e8b465ee728b)  -> (artifact id: '6fe635107d79fd399f5ad69149a83bd7') in 0.084015 seconds 
  Import took 0.090001 seconds .

========================================================================
Received Import Request.
  Time since last request: 0.000179 seconds.
  path: Assets/Sprites/Character/EMO-InRoom.png
  artifactKey: Guid(72b5af194573ace47bea15f58262214a) Importer(815301076,1909f56bfc062723c751e8b465ee728b)
Start importing Assets/Sprites/Character/EMO-InRoom.png using Guid(72b5af194573ace47bea15f58262214a) Importer(815301076,1909f56bfc062723c751e8b465ee728b)  -> (artifact id: '7a34f5520376465ae5ef206cc1e5bb4c') in 0.012030 seconds 
  Import took 0.017387 seconds .

========================================================================
Received Import Request.
  Time since last request: 0.000153 seconds.
  path: Assets/Sprites/Character/Mela-JumpToGround.png
  artifactKey: Guid(a9475612e96b0824c970f935e0b62a2f) Importer(815301076,1909f56bfc062723c751e8b465ee728b)
Start importing Assets/Sprites/Character/Mela-JumpToGround.png using Guid(a9475612e96b0824c970f935e0b62a2f) Importer(815301076,1909f56bfc062723c751e8b465ee728b)  -> (artifact id: '0a79893b7be3f8409d27785bd82210a5') in 0.061312 seconds 
  Import took 0.067264 seconds .

========================================================================
Received Import Request.
  Time since last request: 0.000143 seconds.
  path: Assets/Sprites/Character/EMO-Yeah.png
  artifactKey: Guid(f9a61231c26dd704599331d367fdfc02) Importer(815301076,1909f56bfc062723c751e8b465ee728b)
Start importing Assets/Sprites/Character/EMO-Yeah.png using Guid(f9a61231c26dd704599331d367fdfc02) Importer(815301076,1909f56bfc062723c751e8b465ee728b)  -> (artifact id: '6eb797ea6a6d5df91a3a786e63df0c89') in 0.081850 seconds 
  Import took 0.087171 seconds .

========================================================================
Received Import Request.
  Time since last request: 0.000149 seconds.
  path: Assets/Sprites/Character/Bed-StandUp.png
  artifactKey: Guid(7e9c6a0d736639f40ba9a2b811f3c208) Importer(815301076,1909f56bfc062723c751e8b465ee728b)
Start importing Assets/Sprites/Character/Bed-StandUp.png using Guid(7e9c6a0d736639f40ba9a2b811f3c208) Importer(815301076,1909f56bfc062723c751e8b465ee728b)  -> (artifact id: '319e44c21a7267c3396307e8b29a4757') in 0.011105 seconds 
  Import took 0.016492 seconds .

========================================================================
Received Import Request.
  Time since last request: 0.000230 seconds.
  path: Assets/Sprites/Character/Bed-SleepIn.png
  artifactKey: Guid(068c0a418d0468d4f82e964e82eb6528) Importer(815301076,1909f56bfc062723c751e8b465ee728b)
Start importing Assets/Sprites/Character/Bed-SleepIn.png using Guid(068c0a418d0468d4f82e964e82eb6528) Importer(815301076,1909f56bfc062723c751e8b465ee728b)  -> (artifact id: '0d0dac6ecda7d622a51747105ab4a576') in 0.014748 seconds 
  Import took 0.021192 seconds .

========================================================================
Received Import Request.
  Time since last request: 0.000175 seconds.
  path: Assets/Sprites/Character/Mela-JumpOnWall.png
  artifactKey: Guid(90b9c7138aa1cc6469863412554c3f90) Importer(815301076,1909f56bfc062723c751e8b465ee728b)
Start importing Assets/Sprites/Character/Mela-JumpOnWall.png using Guid(90b9c7138aa1cc6469863412554c3f90) Importer(815301076,1909f56bfc062723c751e8b465ee728b)  -> (artifact id: '71ae3565ad526ac970bc6f61d1895bd2') in 0.056231 seconds 
  Import took 0.062867 seconds .

========================================================================
Received Import Request.
  Time since last request: 0.000197 seconds.
  path: Assets/Sprites/Character/Mela-MeltOnGround.png
  artifactKey: Guid(dd19767e470b5a14983e66a1eb06f813) Importer(815301076,1909f56bfc062723c751e8b465ee728b)
Start importing Assets/Sprites/Character/Mela-MeltOnGround.png using Guid(dd19767e470b5a14983e66a1eb06f813) Importer(815301076,1909f56bfc062723c751e8b465ee728b)  -> (artifact id: 'cfb958915b5bcb374575e80db095b3f9') in 0.086903 seconds 
  Import took 0.092700 seconds .

========================================================================
Received Import Request.
  Time since last request: 0.000225 seconds.
  path: Assets/Sprites/Character/Mela-Happy.png
  artifactKey: Guid(26ea418a8597b3c48926004b7e836ca4) Importer(815301076,1909f56bfc062723c751e8b465ee728b)
Start importing Assets/Sprites/Character/Mela-Happy.png using Guid(26ea418a8597b3c48926004b7e836ca4) Importer(815301076,1909f56bfc062723c751e8b465ee728b)  -> (artifact id: 'cda260e25b3f789a1e30cecc52496a2c') in 0.034830 seconds 
  Import took 0.040843 seconds .

========================================================================
Received Import Request.
  Time since last request: 1.954123 seconds.
  path: Assets/Shader/GaussianBlur.shader
  artifactKey: Guid(fca7278cb545a944190449a946799845) Importer(815301076,1909f56bfc062723c751e8b465ee728b)
Start importing Assets/Shader/GaussianBlur.shader using Guid(fca7278cb545a944190449a946799845) Importer(815301076,1909f56bfc062723c751e8b465ee728b)  -> (artifact id: '20cb858982b3c3a26cad74b50321c622') in 0.004510 seconds 
  Import took 0.010274 seconds .

========================================================================
Received Import Request.
  Time since last request: 21.901579 seconds.
  path: Assets/Shader/GaussBlurShaderGraph.shadergraph
  artifactKey: Guid(e13f068c73869ac498e17b0470700000) Importer(815301076,1909f56bfc062723c751e8b465ee728b)
Start importing Assets/Shader/GaussBlurShaderGraph.shadergraph using Guid(e13f068c73869ac498e17b0470700000) Importer(815301076,1909f56bfc062723c751e8b465ee728b)  -> (artifact id: '4d6422d6e810c07db149fe426a96d270') in 0.008687 seconds 
  Import took 0.015319 seconds .

========================================================================
Received Import Request.
  Time since last request: 60.632981 seconds.
  path: Assets/Shader/Line.shader
  artifactKey: Guid(7b4f415dd7bcb9847a625806c0ebf0ab) Importer(815301076,1909f56bfc062723c751e8b465ee728b)
Start importing Assets/Shader/Line.shader using Guid(7b4f415dd7bcb9847a625806c0ebf0ab) Importer(815301076,1909f56bfc062723c751e8b465ee728b)  -> (artifact id: '4af2e0c4a8b3f8945d9df09405ce0798') in 0.002778 seconds 
  Import took 0.009727 seconds .

========================================================================
Received Import Request.
  Time since last request: 852.269325 seconds.
  path: Assets/Shader/GaussianBlur.shader
  artifactKey: Guid(fca7278cb545a944190449a946799845) Importer(815301076,1909f56bfc062723c751e8b465ee728b)
Start importing Assets/Shader/GaussianBlur.shader using Guid(fca7278cb545a944190449a946799845) Importer(815301076,1909f56bfc062723c751e8b465ee728b)  -> (artifact id: '582ace1ff11dd0d52b171316e2204ae2') in 0.002789 seconds 
  Import took 0.009514 seconds .

========================================================================
Received Import Request.
  Time since last request: 254.235956 seconds.
  path: Assets/Resources/Render/New 2D Renderer Data.asset
  artifactKey: Guid(b89ed3828f1499a41a5492552ef1e11d) Importer(815301076,1909f56bfc062723c751e8b465ee728b)
Start importing Assets/Resources/Render/New 2D Renderer Data.asset using Guid(b89ed3828f1499a41a5492552ef1e11d) Importer(815301076,1909f56bfc062723c751e8b465ee728b)  -> (artifact id: 'b5b266f596b257baae0190f2272a7048') in 0.014143 seconds 
  Import took 0.020592 seconds .

========================================================================
Received Import Request.
  Time since last request: 0.000193 seconds.
  path: Assets/Resources/Render/UniversalRenderPipelineAsset_Renderer.asset
  artifactKey: Guid(f7c72da903f569246937cea4854febc2) Importer(815301076,1909f56bfc062723c751e8b465ee728b)
Start importing Assets/Resources/Render/UniversalRenderPipelineAsset_Renderer.asset using Guid(f7c72da903f569246937cea4854febc2) Importer(815301076,1909f56bfc062723c751e8b465ee728b)  -> (artifact id: '5379ca79fb652ea33456ad1356b0ca6e') in 0.009481 seconds 
  Import took 0.014639 seconds .

========================================================================
Received Import Request.
  Time since last request: 0.000155 seconds.
  path: Assets/Resources/Render/UniversalRenderPipelineAsset.asset
  artifactKey: Guid(d33feb26ed5fe6647a1120464809112e) Importer(815301076,1909f56bfc062723c751e8b465ee728b)
Start importing Assets/Resources/Render/UniversalRenderPipelineAsset.asset using Guid(d33feb26ed5fe6647a1120464809112e) Importer(815301076,1909f56bfc062723c751e8b465ee728b)  -> (artifact id: '16071987e0379a1c083812b39729c72a') in 0.008410 seconds 
  Import took 0.014507 seconds .

========================================================================
Received Import Request.
  Time since last request: 51.422299 seconds.
  path: Assets/Resources/Render/UniversalRenderPipelineAsset.asset
  artifactKey: Guid(d33feb26ed5fe6647a1120464809112e) Importer(815301076,1909f56bfc062723c751e8b465ee728b)
Start importing Assets/Resources/Render/UniversalRenderPipelineAsset.asset using Guid(d33feb26ed5fe6647a1120464809112e) Importer(815301076,1909f56bfc062723c751e8b465ee728b)  -> (artifact id: 'b5ca566ed548f51b0c8a2844962a3a60') in 0.004246 seconds 
  Import took 0.010080 seconds .

========================================================================
Received Import Request.
  Time since last request: 29.890264 seconds.
  path: Assets/Shader/GaussianBlur.mat
  artifactKey: Guid(322885fc9aeb8854aab4fce540433feb) Importer(815301076,1909f56bfc062723c751e8b465ee728b)
Start importing Assets/Shader/GaussianBlur.mat using Guid(322885fc9aeb8854aab4fce540433feb) Importer(815301076,1909f56bfc062723c751e8b465ee728b)  -> (artifact id: '6771d729634d8a0995957f3d521a9c73') in 0.016812 seconds 
  Import took 0.022498 seconds .

========================================================================
Received Import Request.
  Time since last request: 10.629844 seconds.
  path: Assets/Sprites/UI/光标-识别.png
  artifactKey: Guid(30431ec3b8ef6a443bbbe0cf87b371fe) Importer(815301076,1909f56bfc062723c751e8b465ee728b)
Start importing Assets/Sprites/UI/光标-识别.png using Guid(30431ec3b8ef6a443bbbe0cf87b371fe) Importer(815301076,1909f56bfc062723c751e8b465ee728b)  -> (artifact id: '168d76864dbb9c9fc5e4f3c10d7a05b8') in 0.015383 seconds 
  Import took 0.022486 seconds .

========================================================================
Received Import Request.
  Time since last request: 0.773480 seconds.
  path: Assets/Sprites/UI/其他-昏迷.png
  artifactKey: Guid(abd51503ed7f24f408c84efbad41ee72) Importer(815301076,1909f56bfc062723c751e8b465ee728b)
Start importing Assets/Sprites/UI/其他-昏迷.png using Guid(abd51503ed7f24f408c84efbad41ee72) Importer(815301076,1909f56bfc062723c751e8b465ee728b)  -> (artifact id: '9abf512b41eaad9cd673d5c0735c072f') in 0.026313 seconds 
  Import took 0.031801 seconds .

========================================================================
Received Import Request.
  Time since last request: 0.414001 seconds.
  path: Assets/Sprites/UI/制作界面-侧边.png
  artifactKey: Guid(4fdb2fcf368b4c3418c026fc6fe3e5ba) Importer(815301076,1909f56bfc062723c751e8b465ee728b)
Start importing Assets/Sprites/UI/制作界面-侧边.png using Guid(4fdb2fcf368b4c3418c026fc6fe3e5ba) Importer(815301076,1909f56bfc062723c751e8b465ee728b)  -> (artifact id: '25a6ac56113ae00c02d6cf0aee757a19') in 0.021665 seconds 
  Import took 0.028709 seconds .

========================================================================
Received Import Request.
  Time since last request: 0.493600 seconds.
  path: Assets/Sprites/UI/制作界面-卡带名框.png
  artifactKey: Guid(c5b55c0d336dc06429e5d91639cf63a8) Importer(815301076,1909f56bfc062723c751e8b465ee728b)
Start importing Assets/Sprites/UI/制作界面-卡带名框.png using Guid(c5b55c0d336dc06429e5d91639cf63a8) Importer(815301076,1909f56bfc062723c751e8b465ee728b)  -> (artifact id: '009dd495d6a410ab4537e4acb1010f03') in 0.024610 seconds 
  Import took 0.030855 seconds .

========================================================================
Received Import Request.
  Time since last request: 2.538322 seconds.
  path: Assets/Sprites/UI/其他-暗角.png
  artifactKey: Guid(1e0b3c0646ade0c4d8c2317469585d1c) Importer(815301076,1909f56bfc062723c751e8b465ee728b)
Start importing Assets/Sprites/UI/其他-暗角.png using Guid(1e0b3c0646ade0c4d8c2317469585d1c) Importer(815301076,1909f56bfc062723c751e8b465ee728b)  -> (artifact id: '3188ba3671fca7887b9935a8d0675923') in 0.027103 seconds 
  Import took 0.034341 seconds .

========================================================================
Received Import Request.
  Time since last request: 0.000257 seconds.
  path: Assets/Sprites/UI/制作界面-失败-酵素制作.png
  artifactKey: Guid(2d1ba403c53b91446986aab9696ab635) Importer(815301076,1909f56bfc062723c751e8b465ee728b)
Start importing Assets/Sprites/UI/制作界面-失败-酵素制作.png using Guid(2d1ba403c53b91446986aab9696ab635) Importer(815301076,1909f56bfc062723c751e8b465ee728b)  -> (artifact id: 'a923f74c7f159590fc7dfc4f9cfa0d7a') in 0.018234 seconds 
  Import took 0.024288 seconds .

========================================================================
Received Import Request.
  Time since last request: 0.000199 seconds.
  path: Assets/Sprites/UI/制作界面-成功-诱饵制作.png
  artifactKey: Guid(6602585d29c923040bebc1c85244e599) Importer(815301076,1909f56bfc062723c751e8b465ee728b)
Start importing Assets/Sprites/UI/制作界面-成功-诱饵制作.png using Guid(6602585d29c923040bebc1c85244e599) Importer(815301076,1909f56bfc062723c751e8b465ee728b)  -> (artifact id: 'edc14ee1f7cb5879860212f3b99fbdbf') in 0.024710 seconds 
  Import took 0.030544 seconds .

========================================================================
Received Import Request.
  Time since last request: 0.000158 seconds.
  path: Assets/Sprites/UI/制作界面-按钮-插入-按下.png
  artifactKey: Guid(36aded8654082b441a6b63d94a7863c0) Importer(815301076,1909f56bfc062723c751e8b465ee728b)
Start importing Assets/Sprites/UI/制作界面-按钮-插入-按下.png using Guid(36aded8654082b441a6b63d94a7863c0) Importer(815301076,1909f56bfc062723c751e8b465ee728b)  -> (artifact id: '96631970492ebefa06383d72e40907d9') in 0.027408 seconds 
  Import took 0.034139 seconds .

========================================================================
Received Import Request.
  Time since last request: 0.000376 seconds.
  path: Assets/Sprites/UI/制作界面-按钮-合成-按下.png
  artifactKey: Guid(101888b52fe230746a05b6124d9a71ca) Importer(815301076,1909f56bfc062723c751e8b465ee728b)
Start importing Assets/Sprites/UI/制作界面-按钮-合成-按下.png using Guid(101888b52fe230746a05b6124d9a71ca) Importer(815301076,1909f56bfc062723c751e8b465ee728b)  -> (artifact id: 'c4efc6a63004bd1bef010224714f92b0') in 0.023945 seconds 
  Import took 0.030558 seconds .

========================================================================
Received Import Request.
  Time since last request: 0.000263 seconds.
  path: Assets/Sprites/UI/制作界面-侧边外侧.png
  artifactKey: Guid(4fdfe50f084678b42a1857c0c41698f2) Importer(815301076,1909f56bfc062723c751e8b465ee728b)
Start importing Assets/Sprites/UI/制作界面-侧边外侧.png using Guid(4fdfe50f084678b42a1857c0c41698f2) Importer(815301076,1909f56bfc062723c751e8b465ee728b)  -> (artifact id: '2d5c2dcc28d7747c4742a4f38e02870f') in 0.023224 seconds 
  Import took 0.029528 seconds .

========================================================================
Received Import Request.
  Time since last request: 0.000192 seconds.
  path: Assets/Sprites/UI/制作界面-成功-警戒条.png
  artifactKey: Guid(2ba2815c9d20bce46a6599fe397b2ee4) Importer(815301076,1909f56bfc062723c751e8b465ee728b)
Start importing Assets/Sprites/UI/制作界面-成功-警戒条.png using Guid(2ba2815c9d20bce46a6599fe397b2ee4) Importer(815301076,1909f56bfc062723c751e8b465ee728b)  -> (artifact id: '2ddd5ee0e3f132f7440de1221f473e13') in 0.027565 seconds 
  Import took 0.034515 seconds .

========================================================================
Received Import Request.
  Time since last request: 0.000256 seconds.
  path: Assets/Sprites/UI/制作界面-侧边卡带.png
  artifactKey: Guid(16d590a07a79db2498c6a547e103b224) Importer(815301076,1909f56bfc062723c751e8b465ee728b)
Start importing Assets/Sprites/UI/制作界面-侧边卡带.png using Guid(16d590a07a79db2498c6a547e103b224) Importer(815301076,1909f56bfc062723c751e8b465ee728b)  -> (artifact id: 'b19530054687d8b313450077f0a60bab') in 0.073192 seconds 
  Import took 0.079424 seconds .

========================================================================
Received Import Request.
  Time since last request: 0.000227 seconds.
  path: Assets/Sprites/UI/制作界面-按钮-合成-正常.png
  artifactKey: Guid(082f0628383d01c4fb5387c1723e7645) Importer(815301076,1909f56bfc062723c751e8b465ee728b)
Start importing Assets/Sprites/UI/制作界面-按钮-合成-正常.png using Guid(082f0628383d01c4fb5387c1723e7645) Importer(815301076,1909f56bfc062723c751e8b465ee728b)  -> (artifact id: 'b1f39b6d325e268dd7af60c22d5cefe0') in 0.019742 seconds 
  Import took 0.026188 seconds .

========================================================================
Received Import Request.
  Time since last request: 0.000188 seconds.
  path: Assets/Sprites/UI/制作界面-失败-诱饵制作.png
  artifactKey: Guid(5bb16f7f2912f454d947b04c1d020793) Importer(815301076,1909f56bfc062723c751e8b465ee728b)
Start importing Assets/Sprites/UI/制作界面-失败-诱饵制作.png using Guid(5bb16f7f2912f454d947b04c1d020793) Importer(815301076,1909f56bfc062723c751e8b465ee728b)  -> (artifact id: 'c6d13dd400ec4361ab786dd2f2f6988a') in 0.020384 seconds 
  Import took 0.026481 seconds .

========================================================================
Received Import Request.
  Time since last request: 0.000228 seconds.
  path: Assets/Sprites/UI/制作界面-上下平台+时间条（满）.png
  artifactKey: Guid(bd6a07fe0dec1314e8661fbc9cb707b1) Importer(815301076,1909f56bfc062723c751e8b465ee728b)
Start importing Assets/Sprites/UI/制作界面-上下平台+时间条（满）.png using Guid(bd6a07fe0dec1314e8661fbc9cb707b1) Importer(815301076,1909f56bfc062723c751e8b465ee728b)  -> (artifact id: '7800af47bbd231d794a0160dc3debdf5') in 0.019171 seconds 
  Import took 0.024896 seconds .

========================================================================
Received Import Request.
  Time since last request: 0.000156 seconds.
  path: Assets/Sprites/UI/制作界面-信息窗口.png
  artifactKey: Guid(c6d3b578e3787bf41b3ee984eadbf7da) Importer(815301076,1909f56bfc062723c751e8b465ee728b)
Start importing Assets/Sprites/UI/制作界面-信息窗口.png using Guid(c6d3b578e3787bf41b3ee984eadbf7da) Importer(815301076,1909f56bfc062723c751e8b465ee728b)  -> (artifact id: '5d88ab584b35f2dbee37a1c01d104ca1') in 0.019224 seconds 
  Import took 0.024783 seconds .

========================================================================
Received Import Request.
  Time since last request: 0.000187 seconds.
  path: Assets/Sprites/UI/制作界面-吃我卡带！.png
  artifactKey: Guid(b2bab8e06a9a89b4795ddb151abd95b3) Importer(815301076,1909f56bfc062723c751e8b465ee728b)
Start importing Assets/Sprites/UI/制作界面-吃我卡带！.png using Guid(b2bab8e06a9a89b4795ddb151abd95b3) Importer(815301076,1909f56bfc062723c751e8b465ee728b)  -> (artifact id: '608787202dea625bcffc5160b69568ab') in 0.070663 seconds 
  Import took 0.076133 seconds .

========================================================================
Received Import Request.
  Time since last request: 0.000271 seconds.
  path: Assets/Sprites/UI/制作界面-失败-警戒条.png
  artifactKey: Guid(b5dc5a0ad6b15af419ccd773121d548c) Importer(815301076,1909f56bfc062723c751e8b465ee728b)
Start importing Assets/Sprites/UI/制作界面-失败-警戒条.png using Guid(b5dc5a0ad6b15af419ccd773121d548c) Importer(815301076,1909f56bfc062723c751e8b465ee728b)  -> (artifact id: 'cd2ceeb8f06c93497a139512f90bbe26') in 0.019752 seconds 
  Import took 0.025414 seconds .

========================================================================
Received Import Request.
  Time since last request: 0.000159 seconds.
  path: Assets/Sprites/UI/制作界面-开始-酵素制作.png
  artifactKey: Guid(5e2df52415fad7943b0eac3c53ae3455) Importer(815301076,1909f56bfc062723c751e8b465ee728b)
Start importing Assets/Sprites/UI/制作界面-开始-酵素制作.png using Guid(5e2df52415fad7943b0eac3c53ae3455) Importer(815301076,1909f56bfc062723c751e8b465ee728b)  -> (artifact id: 'c8c728d089a65f2c0fcb20a720de4603') in 0.018248 seconds 
  Import took 0.024202 seconds .

========================================================================
Received Import Request.
  Time since last request: 0.000159 seconds.
  path: Assets/Sprites/UI/制作界面-开始-警戒条.png
  artifactKey: Guid(c9db202ff3f6b0b45a89f536b9a20131) Importer(815301076,1909f56bfc062723c751e8b465ee728b)
Start importing Assets/Sprites/UI/制作界面-开始-警戒条.png using Guid(c9db202ff3f6b0b45a89f536b9a20131) Importer(815301076,1909f56bfc062723c751e8b465ee728b)  -> (artifact id: 'd22f941c8764425e238d6a94948a0f4b') in 0.025320 seconds 
  Import took 0.031296 seconds .

========================================================================
Received Import Request.
  Time since last request: 0.000243 seconds.
  path: Assets/Sprites/UI/制作界面-开始-诱饵制作.png
  artifactKey: Guid(d5e2e729ae378494290984130759a73c) Importer(815301076,1909f56bfc062723c751e8b465ee728b)
Start importing Assets/Sprites/UI/制作界面-开始-诱饵制作.png using Guid(d5e2e729ae378494290984130759a73c) Importer(815301076,1909f56bfc062723c751e8b465ee728b)  -> (artifact id: '25395e7b90b33410b9ed568e38ccd266') in 0.022012 seconds 
  Import took 0.028318 seconds .

========================================================================
Received Import Request.
  Time since last request: 0.000255 seconds.
  path: Assets/Sprites/UI/制作界面-按钮-合成-悬浮.png
  artifactKey: Guid(8a9b19a3623f4b444bb41e8e48e1951c) Importer(815301076,1909f56bfc062723c751e8b465ee728b)
Start importing Assets/Sprites/UI/制作界面-按钮-合成-悬浮.png using Guid(8a9b19a3623f4b444bb41e8e48e1951c) Importer(815301076,1909f56bfc062723c751e8b465ee728b)  -> (artifact id: '3d56c4a025b9c1f9e0702b44a2da8f87') in 0.018259 seconds 
  Import took 0.024410 seconds .

========================================================================
Received Import Request.
  Time since last request: 0.000169 seconds.
  path: Assets/Sprites/UI/制作界面-按钮-插入-悬浮.png
  artifactKey: Guid(c0c54a20437d7ce4899eecf5e55cd245) Importer(815301076,1909f56bfc062723c751e8b465ee728b)
Start importing Assets/Sprites/UI/制作界面-按钮-插入-悬浮.png using Guid(c0c54a20437d7ce4899eecf5e55cd245) Importer(815301076,1909f56bfc062723c751e8b465ee728b)  -> (artifact id: 'd8e69842f3f18db71adc3100029ead4c') in 0.019513 seconds 
  Import took 0.025061 seconds .

========================================================================
Received Import Request.
  Time since last request: 0.000263 seconds.
  path: Assets/Sprites/UI/制作界面-成功-酵素制作.png
  artifactKey: Guid(199e6c88139e5e74fa90494b65a5875b) Importer(815301076,1909f56bfc062723c751e8b465ee728b)
Start importing Assets/Sprites/UI/制作界面-成功-酵素制作.png using Guid(199e6c88139e5e74fa90494b65a5875b) Importer(815301076,1909f56bfc062723c751e8b465ee728b)  -> (artifact id: '7ca9cff8ebbc640ef83d347decbf1057') in 0.019048 seconds 
  Import took 0.024776 seconds .

========================================================================
Received Import Request.
  Time since last request: 0.000169 seconds.
  path: Assets/Sprites/UI/制作界面-上下平台+时间条（空）.png
  artifactKey: Guid(ada74db6e94b7cc4792677fc7b4ebef0) Importer(815301076,1909f56bfc062723c751e8b465ee728b)
Start importing Assets/Sprites/UI/制作界面-上下平台+时间条（空）.png using Guid(ada74db6e94b7cc4792677fc7b4ebef0) Importer(815301076,1909f56bfc062723c751e8b465ee728b)  -> (artifact id: 'c63e59515832936a10c02fd666c45f9c') in 0.024386 seconds 
  Import took 0.030911 seconds .

========================================================================
Received Import Request.
  Time since last request: 9.613246 seconds.
  path: Assets/Sprites/UI/Mind-EndFly.png
  artifactKey: Guid(5cbd57762778be94b9b3cc84ee9e363f) Importer(815301076,1909f56bfc062723c751e8b465ee728b)
Start importing Assets/Sprites/UI/Mind-EndFly.png using Guid(5cbd57762778be94b9b3cc84ee9e363f) Importer(815301076,1909f56bfc062723c751e8b465ee728b)  -> (artifact id: '4befb1bdaf9c250603cb8acc49bfc6d1') in 0.019836 seconds 
  Import took 0.025905 seconds .

========================================================================
Received Import Request.
  Time since last request: 0.000201 seconds.
  path: Assets/Sprites/UI/主菜单-封面.png
  artifactKey: Guid(0797aea9ce622fd439a1696895e3af90) Importer(815301076,1909f56bfc062723c751e8b465ee728b)
Start importing Assets/Sprites/UI/主菜单-封面.png using Guid(0797aea9ce622fd439a1696895e3af90) Importer(815301076,1909f56bfc062723c751e8b465ee728b)  -> (artifact id: '7e8c6ce8225036692f195ecb321defcc') in 0.019889 seconds 
  Import took 0.025775 seconds .

========================================================================
Received Import Request.
  Time since last request: 0.000217 seconds.
  path: Assets/Sprites/UI/主菜单-按钮-结束-正常.png
  artifactKey: Guid(0e98f324ca70ad145a66b2a9c43350b9) Importer(815301076,1909f56bfc062723c751e8b465ee728b)
Start importing Assets/Sprites/UI/主菜单-按钮-结束-正常.png using Guid(0e98f324ca70ad145a66b2a9c43350b9) Importer(815301076,1909f56bfc062723c751e8b465ee728b)  -> (artifact id: '81eece9b14d3666a5cb955f20b98e03e') in 0.027028 seconds 
  Import took 0.033217 seconds .

========================================================================
Received Import Request.
  Time since last request: 0.000438 seconds.
  path: Assets/Sprites/UI/光标-未识别.png
  artifactKey: Guid(723a19a6afe227a4487254e81292998d) Importer(815301076,1909f56bfc062723c751e8b465ee728b)
Start importing Assets/Sprites/UI/光标-未识别.png using Guid(723a19a6afe227a4487254e81292998d) Importer(815301076,1909f56bfc062723c751e8b465ee728b)  -> (artifact id: 'b1110532051d8c260811e0c499a4da23') in 0.014163 seconds 
  Import took 0.020653 seconds .

========================================================================
Received Import Request.
  Time since last request: 0.000370 seconds.
  path: Assets/Sprites/UI/主菜单-按钮-开始-正常.png
  artifactKey: Guid(b2eb09ea1306a7040b46954f1b13a00d) Importer(815301076,1909f56bfc062723c751e8b465ee728b)
Start importing Assets/Sprites/UI/主菜单-按钮-开始-正常.png using Guid(b2eb09ea1306a7040b46954f1b13a00d) Importer(815301076,1909f56bfc062723c751e8b465ee728b)  -> (artifact id: '70678a5393bbaa790d32d6f0520138b7') in 0.022951 seconds 
  Import took 0.030483 seconds .

========================================================================
Received Import Request.
  Time since last request: 0.000176 seconds.
  path: Assets/Sprites/UI/主菜单-按钮-开始-悬浮.png
  artifactKey: Guid(19d2b4e8085f4ee4abe4a5070b3c5a88) Importer(815301076,1909f56bfc062723c751e8b465ee728b)
Start importing Assets/Sprites/UI/主菜单-按钮-开始-悬浮.png using Guid(19d2b4e8085f4ee4abe4a5070b3c5a88) Importer(815301076,1909f56bfc062723c751e8b465ee728b)  -> (artifact id: '989fee5ce027e07014abd802cfe8609b') in 0.027543 seconds 
  Import took 0.033671 seconds .

========================================================================
Received Import Request.
  Time since last request: 0.000288 seconds.
  path: Assets/Sprites/UI/其他-受伤.png
  artifactKey: Guid(c79cc99fb17894146ac9b66c660eda6b) Importer(815301076,1909f56bfc062723c751e8b465ee728b)
Start importing Assets/Sprites/UI/其他-受伤.png using Guid(c79cc99fb17894146ac9b66c660eda6b) Importer(815301076,1909f56bfc062723c751e8b465ee728b)  -> (artifact id: '5f163780b9c22330acf226d910e55d5d') in 0.022139 seconds 
  Import took 0.028946 seconds .

========================================================================
Received Import Request.
  Time since last request: 0.000190 seconds.
  path: Assets/Sprites/UI/主菜单-按钮-继续-禁用.png
  artifactKey: Guid(3dadbe1b51fdb05419c4172211d582a5) Importer(815301076,1909f56bfc062723c751e8b465ee728b)
Start importing Assets/Sprites/UI/主菜单-按钮-继续-禁用.png using Guid(3dadbe1b51fdb05419c4172211d582a5) Importer(815301076,1909f56bfc062723c751e8b465ee728b)  -> (artifact id: 'd79e72564ce6feb73335569d77c90561') in 0.024722 seconds 
  Import took 0.031055 seconds .

========================================================================
Received Import Request.
  Time since last request: 0.000178 seconds.
  path: Assets/Sprites/UI/主菜单-按钮-继续-按下.png
  artifactKey: Guid(e7b50c3ff0c902840a830378a6a48e5c) Importer(815301076,1909f56bfc062723c751e8b465ee728b)
Start importing Assets/Sprites/UI/主菜单-按钮-继续-按下.png using Guid(e7b50c3ff0c902840a830378a6a48e5c) Importer(815301076,1909f56bfc062723c751e8b465ee728b)  -> (artifact id: '04d8d2bb1f9fd9d418872226913bc998') in 0.022085 seconds 
  Import took 0.027898 seconds .

========================================================================
Received Import Request.
  Time since last request: 0.000209 seconds.
  path: Assets/Sprites/UI/主菜单-按钮-继续-正常.png
  artifactKey: Guid(11d9a20d1fecfe54daa3ad28ba1c811a) Importer(815301076,1909f56bfc062723c751e8b465ee728b)
Start importing Assets/Sprites/UI/主菜单-按钮-继续-正常.png using Guid(11d9a20d1fecfe54daa3ad28ba1c811a) Importer(815301076,1909f56bfc062723c751e8b465ee728b)  -> (artifact id: '273842b951e96fcbc33865b3dc33eebf') in 0.023733 seconds 
  Import took 0.029778 seconds .

========================================================================
Received Import Request.
  Time since last request: 0.000203 seconds.
  path: Assets/Sprites/UI/主菜单-按钮-结束-按下.png
  artifactKey: Guid(74417bc17e2051e4589e209f411f27a0) Importer(815301076,1909f56bfc062723c751e8b465ee728b)
Start importing Assets/Sprites/UI/主菜单-按钮-结束-按下.png using Guid(74417bc17e2051e4589e209f411f27a0) Importer(815301076,1909f56bfc062723c751e8b465ee728b)  -> (artifact id: '2ad4d8b40db6e2f6c99a4e11abb99fb2') in 0.021000 seconds 
  Import took 0.026987 seconds .

========================================================================
Received Import Request.
  Time since last request: 0.000182 seconds.
  path: Assets/Sprites/UI/主菜单-按钮-继续-悬浮.png
  artifactKey: Guid(327fbad95ad1eb440b2f524bafc809b9) Importer(815301076,1909f56bfc062723c751e8b465ee728b)
Start importing Assets/Sprites/UI/主菜单-按钮-继续-悬浮.png using Guid(327fbad95ad1eb440b2f524bafc809b9) Importer(815301076,1909f56bfc062723c751e8b465ee728b)  -> (artifact id: '52273cd4534d26a40bf7f87484b4d424') in 0.026328 seconds 
  Import took 0.031967 seconds .

========================================================================
Received Import Request.
  Time since last request: 0.000243 seconds.
  path: Assets/Sprites/UI/主菜单-按钮-结束-悬浮.png
  artifactKey: Guid(08da66a9fd90e3a4d865563f224f8398) Importer(815301076,1909f56bfc062723c751e8b465ee728b)
Start importing Assets/Sprites/UI/主菜单-按钮-结束-悬浮.png using Guid(08da66a9fd90e3a4d865563f224f8398) Importer(815301076,1909f56bfc062723c751e8b465ee728b)  -> (artifact id: '258191bd62e6721393999775b3a1edde') in 0.023685 seconds 
  Import took 0.029580 seconds .

========================================================================
Received Import Request.
  Time since last request: 0.000291 seconds.
  path: Assets/Sprites/UI/主菜单-按钮-开始-按下.png
  artifactKey: Guid(cfe8acfeae26fd942aea36cb8c22943c) Importer(815301076,1909f56bfc062723c751e8b465ee728b)
Start importing Assets/Sprites/UI/主菜单-按钮-开始-按下.png using Guid(cfe8acfeae26fd942aea36cb8c22943c) Importer(815301076,1909f56bfc062723c751e8b465ee728b)  -> (artifact id: '79ef972d7f7156438d69019858eaeac1') in 0.024123 seconds 
  Import took 0.029778 seconds .

========================================================================
Received Import Request.
  Time since last request: 0.000216 seconds.
  path: Assets/Sprites/UI/MouseMind.png
  artifactKey: Guid(ad23cfaf840e6dd4a8b0720c79890d64) Importer(815301076,1909f56bfc062723c751e8b465ee728b)
Start importing Assets/Sprites/UI/MouseMind.png using Guid(ad23cfaf840e6dd4a8b0720c79890d64) Importer(815301076,1909f56bfc062723c751e8b465ee728b)  -> (artifact id: '8a824996ed2d1a1471f76e1542efa699') in 0.015833 seconds 
  Import took 0.021646 seconds .

========================================================================
Received Import Request.
  Time since last request: 601.107790 seconds.
  path: Assets/Shader/GaussBlurShaderGraph.mat
  artifactKey: Guid(9a87d60f56169b44698fd04162182968) Importer(815301076,1909f56bfc062723c751e8b465ee728b)
Start importing Assets/Shader/GaussBlurShaderGraph.mat using Guid(9a87d60f56169b44698fd04162182968) Importer(815301076,1909f56bfc062723c751e8b465ee728b)  -> (artifact id: '5fc2e03971e9559e41a66de9ecece4c1') in 0.022758 seconds 
  Import took 0.029342 seconds .

========================================================================
Received Import Request.
  Time since last request: 9.966543 seconds.
  path: Assets/Shader/GaussBlurShaderGraph.shadergraph
  artifactKey: Guid(e13f068c73869ac498e17b0470700000) Importer(815301076,1909f56bfc062723c751e8b465ee728b)
Start importing Assets/Shader/GaussBlurShaderGraph.shadergraph using Guid(e13f068c73869ac498e17b0470700000) Importer(815301076,1909f56bfc062723c751e8b465ee728b)  -> (artifact id: 'fb41bb7cd56fead1d09e06c9b67c2c26') in 0.002831 seconds 
  Import took 0.009120 seconds .

========================================================================
Received Import Request.
  Time since last request: 572.492467 seconds.
  path: Assets/Plugins/Demigiant/DemiLib/Core/Editor/Imgs/blackSquareAlpha80.png
  artifactKey: Guid(595b166389c8db546a199430284ebc9b) Importer(815301076,1909f56bfc062723c751e8b465ee728b)
Start importing Assets/Plugins/Demigiant/DemiLib/Core/Editor/Imgs/blackSquareAlpha80.png using Guid(595b166389c8db546a199430284ebc9b) Importer(815301076,1909f56bfc062723c751e8b465ee728b)  -> (artifact id: '74059c392cecc0ede5ff80224045a098') in 0.017026 seconds 
  Import took 0.025218 seconds .

========================================================================
Received Import Request.
  Time since last request: 0.589340 seconds.
  path: Assets/Plugins/Demigiant/DemiLib/Core/Editor/Imgs/blackSquareAlpha15.png
  artifactKey: Guid(53d696c01f6ca524383f11fcc34dd13c) Importer(815301076,1909f56bfc062723c751e8b465ee728b)
Start importing Assets/Plugins/Demigiant/DemiLib/Core/Editor/Imgs/blackSquareAlpha15.png using Guid(53d696c01f6ca524383f11fcc34dd13c) Importer(815301076,1909f56bfc062723c751e8b465ee728b)  -> (artifact id: '4b6fb796a7b68dcc31fec3171cc37f67') in 0.015933 seconds 
  Import took 0.022406 seconds .

========================================================================
Received Import Request.
  Time since last request: 4.571721 seconds.
  path: Assets/Shader/GaussBlurShaderGraph.shadergraph
  artifactKey: Guid(e13f068c73869ac498e17b0470700000) Importer(815301076,1909f56bfc062723c751e8b465ee728b)
Start importing Assets/Shader/GaussBlurShaderGraph.shadergraph using Guid(e13f068c73869ac498e17b0470700000) Importer(815301076,1909f56bfc062723c751e8b465ee728b)  -> (artifact id: 'd4f18edd3636feb4727edc3823cb438d') in 0.002948 seconds 
  Import took 0.008417 seconds .

========================================================================
Received Import Request.
  Time since last request: 1.469712 seconds.
  path: Assets/Shader/GaussBlurShaderGraph.shadergraph
  artifactKey: Guid(e13f068c73869ac498e17b0470700000) Importer(815301076,1909f56bfc062723c751e8b465ee728b)
Start importing Assets/Shader/GaussBlurShaderGraph.shadergraph using Guid(e13f068c73869ac498e17b0470700000) Importer(815301076,1909f56bfc062723c751e8b465ee728b)  -> (artifact id: 'f02b0695dbb28ba4ff027c734eb7fe20') in 0.002498 seconds 
  Import took 0.009610 seconds .

========================================================================
Received Prepare
Registering precompiled user dll's ...
Registered in 0.009401 seconds.
Begin MonoManager ReloadAssembly
Native extension for WindowsStandalone target not found
Refreshing native plugins compatible for Editor in 0.90 ms, found 3 plugins.
Preloading 0 native plugins for Editor in 0.00 ms.
Mono: successfully reloaded assembly
- Completed reload, in  1.926 seconds
Domain Reload Profiling:
	ReloadAssembly (1926ms)
		BeginReloadAssembly (181ms)
			ExecutionOrderSort (0ms)
			DisableScriptedObjects (15ms)
			BackupInstance (0ms)
			ReleaseScriptingObjects (0ms)
			CreateAndSetChildDomain (82ms)
		EndReloadAssembly (1683ms)
			LoadAssemblies (99ms)
			RebuildTransferFunctionScriptingTraits (0ms)
			SetupTypeCache (378ms)
			ReleaseScriptCaches (2ms)
			RebuildScriptCaches (58ms)
			SetupLoadedEditorAssemblies (922ms)
				LogAssemblyErrors (0ms)
				InitializePlatformSupportModulesInManaged (4ms)
				SetLoadedEditorAssemblies (1ms)
				RefreshPlugins (1ms)
				BeforeProcessingInitializeOnLoad (112ms)
				ProcessInitializeOnLoadAttributes (710ms)
				ProcessInitializeOnLoadMethodAttributes (89ms)
				AfterProcessingInitializeOnLoad (6ms)
				EditorAssembliesLoaded (0ms)
			ExecutionOrderSort2 (0ms)
			AwakeInstancesAfterBackupRestoration (54ms)
Platform modules already initialized, skipping
Refreshing native plugins compatible for Editor in 0.87 ms, found 3 plugins.
Preloading 0 native plugins for Editor in 0.00 ms.
Unloading 3776 Unused Serialized files (Serialized files now loaded: 0)
System memory in use before: 185.1 MB.
System memory in use after: 185.4 MB.

Unloading 36 unused Assets to reduce memory usage. Loaded Objects now: 4553.
Total: 28.261100 ms (FindLiveObjects: 0.398800 ms CreateObjectMapping: 0.230500 ms MarkObjects: 27.592600 ms  DeleteObjects: 0.038000 ms)

AssetImportParameters requested are different than current active one (requested -> active):
  custom:framework-win-MediaFoundation: 216162199b28c13a410421893ffa2e32 -> 
  custom:video-decoder-ogg-theora: a1e56fd34408186e4bbccfd4996cb3dc -> 
  custom:container-muxer-webm: aa71ff27fc2769a1b78a27578f13a17b -> 
  custom:container-demuxer-webm: 4f35f7cbe854078d1ac9338744f61a02 -> 
  custom:container-demuxer-ogg: 62fdf1f143b41e24485cea50d1cbac27 -> 
  custom:video-encoder-webm-vp8: eb34c28f22e8b96e1ab97ce403110664 -> 
  custom:video-decoder-webm-vp8: 9c59270c3fd7afecdb556c50c9e8de78 -> 
  custom:audio-decoder-ogg-vorbis: bf7c407c2cedff20999df2af8eb42d56 -> 
  custom:audio-encoder-webm-vorbis: bf7c407c2cedff20999df2af8eb42d56 -> 
========================================================================
Received Import Request.
  Time since last request: 140.872497 seconds.
  path: Assets/Shader/GaussianBlur.mat
  artifactKey: Guid(322885fc9aeb8854aab4fce540433feb) Importer(815301076,1909f56bfc062723c751e8b465ee728b)
Start importing Assets/Shader/GaussianBlur.mat using Guid(322885fc9aeb8854aab4fce540433feb) Importer(815301076,1909f56bfc062723c751e8b465ee728b)  -> (artifact id: '1930d4976dae6dac6c77cacec514bf60') in 0.145678 seconds 
  Import took 0.152968 seconds .

========================================================================
Received Import Request.
  Time since last request: 516.077101 seconds.
  path: Assets/Resources/Render/UniversalRenderPipelineAsset.asset
  artifactKey: Guid(d33feb26ed5fe6647a1120464809112e) Importer(815301076,1909f56bfc062723c751e8b465ee728b)
Start importing Assets/Resources/Render/UniversalRenderPipelineAsset.asset using Guid(d33feb26ed5fe6647a1120464809112e) Importer(815301076,1909f56bfc062723c751e8b465ee728b)  -> (artifact id: '2e9f95842f1b96ef498b5d0b80208191') in 0.006367 seconds 
  Import took 0.013507 seconds .

========================================================================
Received Import Request.
  Time since last request: 14.918023 seconds.
  path: Assets/Resources/Render/UniversalRenderPipelineAsset.asset
  artifactKey: Guid(d33feb26ed5fe6647a1120464809112e) Importer(815301076,1909f56bfc062723c751e8b465ee728b)
Start importing Assets/Resources/Render/UniversalRenderPipelineAsset.asset using Guid(d33feb26ed5fe6647a1120464809112e) Importer(815301076,1909f56bfc062723c751e8b465ee728b)  -> (artifact id: '8d587fc71ffa06ad394cf2d7319b26a6') in 0.002791 seconds 
  Import took 0.008724 seconds .

========================================================================
Received Prepare
Registering precompiled user dll's ...
Registered in 0.009086 seconds.
Begin MonoManager ReloadAssembly
Native extension for WindowsStandalone target not found
Refreshing native plugins compatible for Editor in 0.84 ms, found 3 plugins.
Preloading 0 native plugins for Editor in 0.00 ms.
Mono: successfully reloaded assembly
- Completed reload, in  1.738 seconds
Domain Reload Profiling:
	ReloadAssembly (1738ms)
		BeginReloadAssembly (122ms)
			ExecutionOrderSort (0ms)
			DisableScriptedObjects (9ms)
			BackupInstance (0ms)
			ReleaseScriptingObjects (0ms)
			CreateAndSetChildDomain (52ms)
		EndReloadAssembly (1556ms)
			LoadAssemblies (88ms)
			RebuildTransferFunctionScriptingTraits (0ms)
			SetupTypeCache (336ms)
			ReleaseScriptCaches (1ms)
			RebuildScriptCaches (52ms)
			SetupLoadedEditorAssemblies (875ms)
				LogAssemblyErrors (0ms)
				InitializePlatformSupportModulesInManaged (4ms)
				SetLoadedEditorAssemblies (0ms)
				RefreshPlugins (1ms)
				BeforeProcessingInitializeOnLoad (106ms)
				ProcessInitializeOnLoadAttributes (676ms)
				ProcessInitializeOnLoadMethodAttributes (81ms)
				AfterProcessingInitializeOnLoad (5ms)
				EditorAssembliesLoaded (0ms)
			ExecutionOrderSort2 (0ms)
			AwakeInstancesAfterBackupRestoration (48ms)
Platform modules already initialized, skipping
Refreshing native plugins compatible for Editor in 0.94 ms, found 3 plugins.
Preloading 0 native plugins for Editor in 0.00 ms.
Unloading 3775 Unused Serialized files (Serialized files now loaded: 0)
System memory in use before: 185.3 MB.
System memory in use after: 185.5 MB.

Unloading 35 unused Assets to reduce memory usage. Loaded Objects now: 4592.
Total: 28.674700 ms (FindLiveObjects: 0.448300 ms CreateObjectMapping: 0.283300 ms MarkObjects: 27.911200 ms  DeleteObjects: 0.030200 ms)

AssetImportParameters requested are different than current active one (requested -> active):
  custom:framework-win-MediaFoundation: 216162199b28c13a410421893ffa2e32 -> 
  custom:video-decoder-ogg-theora: a1e56fd34408186e4bbccfd4996cb3dc -> 
  custom:container-muxer-webm: aa71ff27fc2769a1b78a27578f13a17b -> 
  custom:container-demuxer-webm: 4f35f7cbe854078d1ac9338744f61a02 -> 
  custom:container-demuxer-ogg: 62fdf1f143b41e24485cea50d1cbac27 -> 
  custom:video-encoder-webm-vp8: eb34c28f22e8b96e1ab97ce403110664 -> 
  custom:video-decoder-webm-vp8: 9c59270c3fd7afecdb556c50c9e8de78 -> 
  custom:audio-decoder-ogg-vorbis: bf7c407c2cedff20999df2af8eb42d56 -> 
  custom:audio-encoder-webm-vorbis: bf7c407c2cedff20999df2af8eb42d56 -> 
========================================================================
Received Import Request.
  Time since last request: 256.278047 seconds.
  path: Assets/Shader/GaussianBlur.mat
  artifactKey: Guid(322885fc9aeb8854aab4fce540433feb) Importer(815301076,1909f56bfc062723c751e8b465ee728b)
Start importing Assets/Shader/GaussianBlur.mat using Guid(322885fc9aeb8854aab4fce540433feb) Importer(815301076,1909f56bfc062723c751e8b465ee728b)  -> (artifact id: '650962a80f34176e883b8e8a0fd8dc46') in 0.137573 seconds 
  Import took 0.143990 seconds .

========================================================================
Received Prepare
Registering precompiled user dll's ...
Registered in 0.009012 seconds.
Begin MonoManager ReloadAssembly
Native extension for WindowsStandalone target not found
Refreshing native plugins compatible for Editor in 0.89 ms, found 3 plugins.
Preloading 0 native plugins for Editor in 0.00 ms.
Mono: successfully reloaded assembly
- Completed reload, in  1.714 seconds
Domain Reload Profiling:
	ReloadAssembly (1714ms)
		BeginReloadAssembly (126ms)
			ExecutionOrderSort (0ms)
			DisableScriptedObjects (8ms)
			BackupInstance (0ms)
			ReleaseScriptingObjects (0ms)
			CreateAndSetChildDomain (52ms)
		EndReloadAssembly (1532ms)
			LoadAssemblies (92ms)
			RebuildTransferFunctionScriptingTraits (0ms)
			SetupTypeCache (341ms)
			ReleaseScriptCaches (1ms)
			RebuildScriptCaches (54ms)
			SetupLoadedEditorAssemblies (846ms)
				LogAssemblyErrors (0ms)
				InitializePlatformSupportModulesInManaged (4ms)
				SetLoadedEditorAssemblies (2ms)
				RefreshPlugins (1ms)
				BeforeProcessingInitializeOnLoad (104ms)
				ProcessInitializeOnLoadAttributes (656ms)
				ProcessInitializeOnLoadMethodAttributes (74ms)
				AfterProcessingInitializeOnLoad (5ms)
				EditorAssembliesLoaded (0ms)
			ExecutionOrderSort2 (0ms)
			AwakeInstancesAfterBackupRestoration (49ms)
Platform modules already initialized, skipping
Refreshing native plugins compatible for Editor in 0.85 ms, found 3 plugins.
Preloading 0 native plugins for Editor in 0.00 ms.
Unloading 3774 Unused Serialized files (Serialized files now loaded: 0)
System memory in use before: 185.4 MB.
System memory in use after: 185.6 MB.

Unloading 35 unused Assets to reduce memory usage. Loaded Objects now: 4630.
Total: 29.104200 ms (FindLiveObjects: 0.357300 ms CreateObjectMapping: 0.231500 ms MarkObjects: 28.488400 ms  DeleteObjects: 0.025700 ms)

AssetImportParameters requested are different than current active one (requested -> active):
  custom:framework-win-MediaFoundation: 216162199b28c13a410421893ffa2e32 -> 
  custom:video-decoder-ogg-theora: a1e56fd34408186e4bbccfd4996cb3dc -> 
  custom:container-muxer-webm: aa71ff27fc2769a1b78a27578f13a17b -> 
  custom:container-demuxer-webm: 4f35f7cbe854078d1ac9338744f61a02 -> 
  custom:container-demuxer-ogg: 62fdf1f143b41e24485cea50d1cbac27 -> 
  custom:video-encoder-webm-vp8: eb34c28f22e8b96e1ab97ce403110664 -> 
  custom:video-decoder-webm-vp8: 9c59270c3fd7afecdb556c50c9e8de78 -> 
  custom:audio-decoder-ogg-vorbis: bf7c407c2cedff20999df2af8eb42d56 -> 
  custom:audio-encoder-webm-vorbis: bf7c407c2cedff20999df2af8eb42d56 -> 
========================================================================
Received Import Request.
  Time since last request: 1277.088432 seconds.
  path: Assets/Shader/GaussBlurShaderGraph.shadergraph
  artifactKey: Guid(e13f068c73869ac498e17b0470700000) Importer(815301076,1909f56bfc062723c751e8b465ee728b)
Start importing Assets/Shader/GaussBlurShaderGraph.shadergraph using Guid(e13f068c73869ac498e17b0470700000) Importer(815301076,1909f56bfc062723c751e8b465ee728b)  -> (artifact id: '2ee6aa12792b9fbd99d721995a68cc91') in 0.029524 seconds 
  Import took 0.036701 seconds .

========================================================================
Received Import Request.
  Time since last request: 3.814549 seconds.
  path: Assets/Shader/GaussianBlur.mat
  artifactKey: Guid(322885fc9aeb8854aab4fce540433feb) Importer(815301076,1909f56bfc062723c751e8b465ee728b)
Start importing Assets/Shader/GaussianBlur.mat using Guid(322885fc9aeb8854aab4fce540433feb) Importer(815301076,1909f56bfc062723c751e8b465ee728b)  -> (artifact id: '0b6cbbbeebf819bf70aea59dcf1eefee') in 0.116523 seconds 
  Import took 0.123256 seconds .

========================================================================
Received Prepare
Registering precompiled user dll's ...
Registered in 0.009409 seconds.
Begin MonoManager ReloadAssembly
Native extension for WindowsStandalone target not found
Refreshing native plugins compatible for Editor in 0.86 ms, found 3 plugins.
Preloading 0 native plugins for Editor in 0.00 ms.
Mono: successfully reloaded assembly
- Completed reload, in  1.875 seconds
Domain Reload Profiling:
	ReloadAssembly (1876ms)
		BeginReloadAssembly (162ms)
			ExecutionOrderSort (0ms)
			DisableScriptedObjects (9ms)
			BackupInstance (0ms)
			ReleaseScriptingObjects (0ms)
			CreateAndSetChildDomain (72ms)
		EndReloadAssembly (1655ms)
			LoadAssemblies (98ms)
			RebuildTransferFunctionScriptingTraits (0ms)
			SetupTypeCache (359ms)
			ReleaseScriptCaches (2ms)
			RebuildScriptCaches (55ms)
			SetupLoadedEditorAssemblies (922ms)
				LogAssemblyErrors (0ms)
				InitializePlatformSupportModulesInManaged (6ms)
				SetLoadedEditorAssemblies (0ms)
				RefreshPlugins (1ms)
				BeforeProcessingInitializeOnLoad (115ms)
				ProcessInitializeOnLoadAttributes (702ms)
				ProcessInitializeOnLoadMethodAttributes (92ms)
				AfterProcessingInitializeOnLoad (5ms)
				EditorAssembliesLoaded (0ms)
			ExecutionOrderSort2 (0ms)
			AwakeInstancesAfterBackupRestoration (55ms)
Platform modules already initialized, skipping
Refreshing native plugins compatible for Editor in 0.98 ms, found 3 plugins.
Preloading 0 native plugins for Editor in 0.00 ms.
Unloading 3774 Unused Serialized files (Serialized files now loaded: 0)
System memory in use before: 185.5 MB.
System memory in use after: 185.8 MB.

Unloading 35 unused Assets to reduce memory usage. Loaded Objects now: 4668.
Total: 31.673500 ms (FindLiveObjects: 0.418300 ms CreateObjectMapping: 0.298700 ms MarkObjects: 30.923400 ms  DeleteObjects: 0.031400 ms)

AssetImportParameters requested are different than current active one (requested -> active):
  custom:framework-win-MediaFoundation: 216162199b28c13a410421893ffa2e32 -> 
  custom:video-decoder-ogg-theora: a1e56fd34408186e4bbccfd4996cb3dc -> 
  custom:container-muxer-webm: aa71ff27fc2769a1b78a27578f13a17b -> 
  custom:container-demuxer-webm: 4f35f7cbe854078d1ac9338744f61a02 -> 
  custom:container-demuxer-ogg: 62fdf1f143b41e24485cea50d1cbac27 -> 
  custom:video-encoder-webm-vp8: eb34c28f22e8b96e1ab97ce403110664 -> 
  custom:video-decoder-webm-vp8: 9c59270c3fd7afecdb556c50c9e8de78 -> 
  custom:audio-decoder-ogg-vorbis: bf7c407c2cedff20999df2af8eb42d56 -> 
  custom:audio-encoder-webm-vorbis: bf7c407c2cedff20999df2af8eb42d56 -> 
AssetImportWorkerClient::OnTransportError - code=2 error=End of file
